chr	pos	marker_name	haplogroup	mutation	anc	der	reads	called_perc	called_base	state	depth
chry	26444131	PF6529	G-GG362	G->A	G	A	10	100.0	G	A	16
chry	6897993	PF6418	J-Z8344	C->T	C	T	14	100.0	C	A	25
chry	8242479	PF6248	J-Z8344	T->A	T	A	42	100.0	T	A	25
chry	18666909	PF6495	J-Y32677	G->A	G	A	11	100.0	G	A	29
chry	4809766	Y457	R	A->G	A	G	16	100.0	A	A	20
chry	13482643	M685	R	A->G	A	G	14	100.0	A	A	20
chry	14379255	M696	R	C->T	C	T	31	100.0	C	A	20
chry	14744477	M708	R	T->C	T	C	11	100.0	T	A	20
chry	14770688	CTS6417	R	T->C	T	C	22	100.0	T	A	20
chry	15174113	P224	R	C->T	C	T	11	100.0	C	A	20
chry	15818219	CTS8311	R	C->A	C	A	18	100.0	C	A	20
chry	15954276	S4	R	C->T	C	T	12	100.0	C	A	20
chry	17155464	P285	R	C->A	C	A	16	100.0	C	A	20
chry	20571872	YSC0000232	R	C->G	C	G	49	100.0	C	A	20
chry	20656448	YSC0000233	R	C->T	C	T	12	100.0	C	A	20
chry	20772223	M795	R	A->G	A	G	30	100.0	A	A	20
chry	20873246	P232	R	G->A	G	A	10	100.0	G	A	20
chry	22214817	F675	R	G->A	G	A	14	100.0	G	A	20
chry	16499764	M741	R2	A->T	A	T	28	100.0	A	A	22
chry	4550281	Y452	R1	C->G	C	G	16	100.0	C	A	22
chry	5848175	Y467	R1	G->A	G	A	10	100.0	G	A	22
chry	7264672	CTS997	R1	G->A	G	A	38	97.4	G	A	22
chry	8765504	PF6117	R1	T->C	T	C	55	100.0	T	A	22
chry	12445052	CTS2908	R1	C->T	C	T	15	100.0	C	A	22
chry	12562242	CTS3123	R1	A->C	A	C	10	100.0	A	A	22
chry	13478462	P225	R1	G->T	G	T	11	100.0	G	A	22
chry	14827526	PF6132	R1	A->C	A	C	26	100.0	A	A	22
chry	15163823	M716	R1	G->A	G	A	12	100.0	G	A	22
chry	18956002	P234	R1	T->C	T	C	19	100.0	T	A	22
chry	19004472	P233	R1	T->G	T	G	24	100.0	T	A	22
chry	8091978	YSC0000075	R1b	G->A	G	A	12	100.0	G	A	23
chry	8571501	PF6250	R1b	G->A	G	A	76	100.0	G	A	23
chry	16802561	L278	R1b	C->T	C	T	39	100.0	C	A	23
chry	8346786	PF6249	R-L754	C->T	C	T	37	100.0	C	A	24
chry	21837909	PF6271	R-L754	G->A	G	A	15	100.0	G	A	24
chry	15288905	L388	R-L389	G->A	G	A	24	100.0	G	A	25
chry	26586954	L389	R-L389	C->G	C	G	12	100.0	C	A	25
chry	4778531	Y97	R-P297	T->G	T	G	18	100.0	T	A	26
chry	15874807	S17	R-P297	C->A	C	A	45	100.0	C	A	26
chry	16282754	PF6483	R-P297	T->C	T	C	10	100.0	T	A	26
chry	16505716	CTS9018	R-P297	C->T	C	T	23	100.0	C	A	26
chry	16544628	PF6398	R-P297	G->C	G	C	31	100.0	G	A	26
chry	19196667	PF6499	R-P297	G->A	G	A	64	100.0	G	A	26
chry	21241863	CTS11985	R-P297	G->A	G	A	38	100.0	G	A	26
chry	21291079	PF6524	R-P297	T->C	T	C	14	100.0	T	A	26
chry	2800415	S10	R-M269	C->T	C	T	12	100.0	C	A	27
chry	3029392	PF6400	R-M269	C->G	C	G	74	100.0	C	A	27
chry	4484110	PF6409	R-M269	G->A	G	A	82	100.0	G	A	27
chry	7044951	CTS623	R-M269	T->G	T	G	12	100.0	T	A	27
chry	7438498	PF6422	R-M269	C->G	C	G	23	100.0	C	A	27
chry	7995148	L482	R-M269	G->A	G	A	10	100.0	G	A	27
chry	8202491	PF6430	R-M269	T->A	T	A	12	100.0	T	A	27
chry	11959105	PF6450	R-M269	T->A	T	A	17	100.0	T	A	27
chry	15020700	PF6467	R-M269	C->T	C	T	45	100.0	C	A	27
chry	15349598	FGC33	R-M269	T->C	T	C	21	100.0	T	A	27
chry	15983456	PF6477	R-M269	A->C	A	C	23	100.0	A	A	27
chry	16005313	PF6478	R-M269	C->T	C	T	10	100.0	C	A	27
chry	16943009	YSC0000293	R-M269	C->T	C	T	15	100.0	C	A	27
chry	19419178	PF6503	R-M269	C->T	C	T	12	100.0	C	A	27
chry	19821941	PF6507	R-M269	C->T	C	T	19	100.0	C	A	27
chry	19831958	PF6508	R-M269	G->A	G	A	16	100.0	G	A	27
chry	20028485	PF6509	R-M269	A->G	A	G	10	100.0	A	A	27
chry	21217368	CTS11948	R-M269	G->A	G	A	42	100.0	G	A	27
chry	21315050	PF6525	R-M269	G->T	G	T	24	100.0	G	A	27
chry	14380667	PF6542	R-L151	C->T	C	T	59	100.0	C	A	32
chry	8675409	M1080	Q	T->C	T	C	55	100.0	C	D	20
chry	12090111	F1728	Q	G->A	G	A	27	100.0	A	D	20
chry	17320048	M1150	Q	C->A	C	A	13	100.0	A	D	20
chry	19794823	M1163	Q	A->G	A	G	16	100.0	G	D	20
chry	20033124	M1047	Q	C->T	C	T	12	92.3	T	D	20
chry	4602727	Y2465	Q-L472	G->C	G	C	15	100.0	C	D	21
chry	12030916	M1088	Q-L472	C->T	C	T	24	100.0	T	D	21
chry	12561901	M1100	Q-L472	G->A	G	A	14	100.0	A	D	21
chry	14918236	M1128	Q-L472	T->C	T	C	15	100.0	C	D	21
chry	15858650	F2656	Q-L472	C->A	C	A	19	100.0	A	D	21
chry	16275082	Z806	Q-L472	C->A	C	A	13	100.0	A	D	21
chry	16498762	M1142	Q-L472	A->T	A	T	22	100.0	T	D	21
chry	16663332	F2840	Q-L472	T->A	T	A	12	100.0	A	D	21
chry	20037559	M1169	Q-L472	G->A	G	A	10	100.0	A	D	21
chry	4192126	Y717	Q-L56	T->C	T	C	17	100.0	C	D	22
chry	7185577	M1067	Q-L56	T->C	T	C	12	100.0	C	D	22
chry	7233890	M1068	Q-L56	G->A	G	A	18	100.0	A	D	22
chry	7400996	CTS1206	Q-L56	C->A	C	A	29	100.0	A	D	22
chry	7820034	M1072	Q-L56	T->C	T	C	18	100.0	C	D	22
chry	9129580	Y730	Q-L56	C->G	C	G	12	100.0	G	D	22
chry	9994147	Y732	Q-L56	C->T	C	T	12	100.0	T	D	22
chry	11451798	Y737	Q-L56	C->T	C	T	14	100.0	T	D	22
chry	12164247	CTS2385	Q-L56	G->A	G	A	22	100.0	A	D	22
chry	12286962	M1098	Q-L56	C->T	C	T	13	100.0	T	D	22
chry	12638454	V2572	Q-L56	C->T	C	T	16	100.0	T	D	22
chry	13089509	CTS3812	Q-L56	C->T	C	T	24	100.0	T	D	22
chry	15247407	F2458	Q-L56	A->T	A	T	15	100.0	T	D	22
chry	15683188	CTS8010	Q-L56	A->C	A	C	109	100.0	C	D	22
chry	15867240	CTS8405	Q-L56	G->T	G	T	46	100.0	T	D	22
chry	19190889	M1157	Q-L56	C->T	C	T	24	100.0	T	D	22
chry	19313132	Y746	Q-L56	T->C	T	C	26	96.3	C	D	22
chry	21037770	CTS11634	Q-L56	C->T	C	T	12	92.3	T	D	22
chry	21609944	Y713	Q-L56	A->G	A	G	10	100.0	G	D	22
chry	22323936	M1057	Q-L56	A->C	A	C	15	100.0	C	D	22
chry	3979022	Y716	Q-L53	A->T	A	T	11	100.0	T	D	23
chry	4858292	Y739	Q-L53	T->A	T	A	39	100.0	A	D	23
chry	5657393	Y724	Q-L53	A->G	A	G	50	98.0	G	D	23
chry	12050933	CTS2068	Q-L53	C->A	C	A	10	100.0	A	D	23
chry	14564996	CTS6106	Q-L53	T->A	T	A	11	100.0	A	D	23
chry	14730916	M1127	Q-L53	G->C	G	C	22	100.0	C	D	23
chry	15989746	M1141	Q-L53	C->T	C	T	16	100.0	T	D	23
chry	16035041	L475	Q-L53	G->A	G	A	18	100.0	A	D	23
chry	16499717	M1143	Q-L53	T->A	T	A	31	100.0	A	D	23
chry	17342860	CTS10434	Q-L53	G->A	G	A	19	100.0	A	D	23
chry	19284627	M1037	Q-L53	G->A	G	A	13	100.0	A	D	23
chry	19789212	M1162	Q-L53	A->G	A	G	10	100.0	G	D	23
chry	21195382	M1176	Q-L53	A->G	A	G	56	100.0	G	D	23
chry	21327185	M1177	Q-L53	C->T	C	T	11	100.0	T	D	23
chry	21395549	M1178	Q-L53	C->T	C	T	11	100.0	T	D	23
chry	4849205	Y738	Q-L54	G->C	G	C	171	100.0	C	D	24
chry	14284251	CTS5619	Q-L54	G->A	G	A	12	100.0	A	D	24
chry	3255938	Y774	Q-M3	G->C	G	C	13	100.0	C	D	27
chry	4721970	Y771	Q-M3	A->G	A	G	18	100.0	G	D	27
chry	15562079	M884	Q-M3	G->A	G	A	14	100.0	A	D	27
chry	15909836	CTS8430	Q-M3	G->A	G	A	13	100.0	A	D	27
chry	20451475	Y773	Q-M3	C->A	C	A	21	100.0	A	D	27
chry	12268793	CTS2610	Q-M848	C->T	C	T	34	100.0	T	D	28
chry	11245929	Y753	Q-Y753	G->A	G	A	17	100.0	A	D	29
chry	12270979	Y26466	Q-CTS1002	T->C	T	C	72	100.0	C	D	33
chry	12724871	CTS3328	Q-CTS1002	A->G	A	G	37	100.0	G	D	33
chry	15067324	Y16253	Q-CTS1002	G->A	G	A	13	100.0	A	D	33
chry	20611477	CTS10779	Q-CTS1002	A->G	A	G	16	100.0	G	D	33
chry	20732933	CTS11007	Q-Z770	G->T	G	T	11	100.0	T	D	34
